SELECT * FROM count WHERE year='2023' AND month = '2' AND day ='21'
SELECT * FROM count WHERE year='2023' AND month = '2' AND day ='21'
SELECT * FROM count WHERE year='2023' AND month = '2' AND day ='21'
SELECT * FROM count WHERE year='2023' AND month = '2' AND day ='21'
Traceback (most recent call last):
  File "count_insert.py", line 20, in <module>
    time.sleep(3)
KeyboardInterrupt
SELECT * FROM count WHERE year='2023' AND month = '2' AND day ='21'
SELECT * FROM count WHERE year='2023' AND month = '2' AND day ='21'
SELECT * FROM count WHERE year='2023' AND month = '2' AND day ='21'
SELECT * FROM count WHERE year='2023' AND month = '2' AND day ='21'
SELECT * FROM count WHERE year='2023' AND month = '2' AND day ='21'
SELECT * FROM count WHERE year='2023' AND month = '2' AND day ='21'
SELECT * FROM count WHERE year='2023' AND month = '2' AND day ='21'
SELECT * FROM count WHERE year='2023' AND month = '2' AND day ='21'
SELECT * FROM count WHERE year='2023' AND month = '2' AND day ='21'
SELECT * FROM count WHERE year='2023' AND month = '2' AND day ='21'
SELECT * FROM count WHERE year='2023' AND month = '2' AND day ='21'
SELECT * FROM count WHERE year='2023' AND month = '2' AND day ='21'
SELECT * FROM count WHERE year='2023' AND month = '2' AND day ='21'
SELECT * FROM count WHERE year='2023' AND month = '2' AND day ='21'
SELECT * FROM count WHERE year='2023' AND month = '2' AND day ='21'
SELECT * FROM count WHERE year='2023' AND month = '2' AND day ='21'
SELECT * FROM count WHERE year='2023' AND month = '2' AND day ='21'
SELECT * FROM count WHERE year='2023' AND month = '2' AND day ='21'
SELECT * FROM count WHERE year='2023' AND month = '2' AND day ='21'
SELECT * FROM count WHERE year='2023' AND month = '2' AND day ='21'
SELECT * FROM count WHERE year='2023' AND month = '2' AND day ='21'
SELECT * FROM count WHERE year='2023' AND month = '2' AND day ='21'
SELECT * FROM count WHERE year='2023' AND month = '2' AND day ='21'
SELECT * FROM count WHERE year='2023' AND month = '2' AND day ='21'
SELECT * FROM count WHERE year='2023' AND month = '2' AND day ='21'
SELECT * FROM count WHERE year='2023' AND month = '2' AND day ='21'
SELECT * FROM count WHERE year='2023' AND month = '2' AND day ='21'
SELECT * FROM count WHERE year='2023' AND month = '2' AND day ='21'
SELECT * FROM count WHERE year='2023' AND month = '2' AND day ='21'
SELECT * FROM count WHERE year='2023' AND month = '2' AND day ='21'
SELECT * FROM count WHERE year='2023' AND month = '2' AND day ='21'
SELECT * FROM count WHERE year='2023' AND month = '2' AND day ='21'
SELECT * FROM count WHERE year='2023' AND month = '2' AND day ='21'
SELECT * FROM count WHERE year='2023' AND month = '2' AND day ='21'
SELECT * FROM count WHERE year='2023' AND month = '2' AND day ='21'
SELECT * FROM count WHERE year='2023' AND month = '2' AND day ='21'
SELECT * FROM count WHERE year='2023' AND month = '2' AND day ='21'
SELECT * FROM count WHERE year='2023' AND month = '2' AND day ='21'
SELECT * FROM count WHERE year='2023' AND month = '2' AND day ='21'
SELECT * FROM count WHERE year='2023' AND month = '2' AND day ='21'
SELECT * FROM count WHERE year='2023' AND month = '2' AND day ='21'
SELECT * FROM count WHERE year='2023' AND month = '2' AND day ='21'
SELECT * FROM count WHERE year='2023' AND month = '2' AND day ='21'
SELECT * FROM count WHERE year='2023' AND month = '2' AND day ='21'
SELECT * FROM count WHERE year='2023' AND month = '2' AND day ='21'
SELECT * FROM count WHERE year='2023' AND month = '2' AND day ='21'
SELECT * FROM count WHERE year='2023' AND month = '2' AND day ='21'
SELECT * FROM count WHERE year='2023' AND month = '2' AND day ='21'
SELECT * FROM count WHERE year='2023' AND month = '2' AND day ='21'
SELECT * FROM count WHERE year='2023' AND month = '2' AND day ='21'
SELECT * FROM count WHERE year='2023' AND month = '2' AND day ='21'
SELECT * FROM count WHERE year='2023' AND month = '2' AND day ='21'
SELECT * FROM count WHERE year='2023' AND month = '2' AND day ='21'
SELECT * FROM count WHERE year='2023' AND month = '2' AND day ='21'
SELECT * FROM count WHERE year='2023' AND month = '2' AND day ='21'
SELECT * FROM count WHERE year='2023' AND month = '2' AND day ='21'
SELECT * FROM count WHERE year='2023' AND month = '2' AND day ='21'
SELECT * FROM count WHERE year='2023' AND month = '2' AND day ='21'
SELECT * FROM count WHERE year='2023' AND month = '2' AND day ='21'
SELECT * FROM count WHERE year='2023' AND month = '2' AND day ='21'
SELECT * FROM count WHERE year='2023' AND month = '2' AND day ='21'
SELECT * FROM count WHERE year='2023' AND month = '2' AND day ='21'
SELECT * FROM count WHERE year='2023' AND month = '2' AND day ='21'
SELECT * FROM count WHERE year='2023' AND month = '2' AND day ='21'
SELECT * FROM count WHERE year='2023' AND month = '2' AND day ='21'
SELECT * FROM count WHERE year='2023' AND month = '2' AND day ='21'
SELECT * FROM count WHERE year='2023' AND month = '2' AND day ='21'
SELECT * FROM count WHERE year='2023' AND month = '2' AND day ='21'
SELECT * FROM count WHERE year='2023' AND month = '2' AND day ='21'
SELECT * FROM count WHERE year='2023' AND month = '2' AND day ='21'
SELECT * FROM count WHERE year='2023' AND month = '2' AND day ='21'
SELECT * FROM count WHERE year='2023' AND month = '2' AND day ='21'
SELECT * FROM count WHERE year='2023' AND month = '2' AND day ='21'
SELECT * FROM count WHERE year='2023' AND month = '2' AND day ='21'
SELECT * FROM count WHERE year='2023' AND month = '2' AND day ='21'
SELECT * FROM count WHERE year='2023' AND month = '2' AND day ='21'
SELECT * FROM count WHERE year='2023' AND month = '2' AND day ='21'
SELECT * FROM count WHERE year='2023' AND month = '2' AND day ='21'
SELECT * FROM count WHERE year='2023' AND month = '2' AND day ='21'
SELECT * FROM count WHERE year='2023' AND month = '2' AND day ='21'
SELECT * FROM count WHERE year='2023' AND month = '2' AND day ='21'
SELECT * FROM count WHERE year='2023' AND month = '2' AND day ='21'
SELECT * FROM count WHERE year='2023' AND month = '2' AND day ='21'
SELECT * FROM count WHERE year='2023' AND month = '2' AND day ='21'
SELECT * FROM count WHERE year='2023' AND month = '2' AND day ='21'
SELECT * FROM count WHERE year='2023' AND month = '2' AND day ='21'
SELECT * FROM count WHERE year='2023' AND month = '2' AND day ='21'
SELECT * FROM count WHERE year='2023' AND month = '2' AND day ='21'
SELECT * FROM count WHERE year='2023' AND month = '2' AND day ='21'
SELECT * FROM count WHERE year='2023' AND month = '2' AND day ='21'
SELECT * FROM count WHERE year='2023' AND month = '2' AND day ='21'
SELECT * FROM count WHERE year='2023' AND month = '2' AND day ='21'
SELECT * FROM count WHERE year='2023' AND month = '2' AND day ='21'
SELECT * FROM count WHERE year='2023' AND month = '2' AND day ='21'
SELECT * FROM count WHERE year='2023' AND month = '2' AND day ='21'
SELECT * FROM count WHERE year='2023' AND month = '2' AND day ='21'
SELECT * FROM count WHERE year='2023' AND month = '2' AND day ='21'
SELECT * FROM count WHERE year='2023' AND month = '2' AND day ='21'
SELECT * FROM count WHERE year='2023' AND month = '2' AND day ='21'
SELECT * FROM count WHERE year='2023' AND month = '2' AND day ='21'
SELECT * FROM count WHERE year='2023' AND month = '2' AND day ='21'
SELECT * FROM count WHERE year='2023' AND month = '2' AND day ='21'
SELECT * FROM count WHERE year='2023' AND month = '2' AND day ='21'
SELECT * FROM count WHERE year='2023' AND month = '2' AND day ='21'
SELECT * FROM count WHERE year='2023' AND month = '2' AND day ='21'
SELECT * FROM count WHERE year='2023' AND month = '2' AND day ='21'
SELECT * FROM count WHERE year='2023' AND month = '2' AND day ='21'
SELECT * FROM count WHERE year='2023' AND month = '2' AND day ='21'
SELECT * FROM count WHERE year='2023' AND month = '2' AND day ='21'
SELECT * FROM count WHERE year='2023' AND month = '2' AND day ='21'
SELECT * FROM count WHERE year='2023' AND month = '2' AND day ='21'
SELECT * FROM count WHERE year='2023' AND month = '2' AND day ='21'
SELECT * FROM count WHERE year='2023' AND month = '2' AND day ='21'
SELECT * FROM count WHERE year='2023' AND month = '2' AND day ='21'
SELECT * FROM count WHERE year='2023' AND month = '2' AND day ='21'
SELECT * FROM count WHERE year='2023' AND month = '2' AND day ='21'
SELECT * FROM count WHERE year='2023' AND month = '2' AND day ='21'
SELECT * FROM count WHERE year='2023' AND month = '2' AND day ='21'
SELECT * FROM count WHERE year='2023' AND month = '2' AND day ='21'
SELECT * FROM count WHERE year='2023' AND month = '2' AND day ='21'
SELECT * FROM count WHERE year='2023' AND month = '2' AND day ='21'
SELECT * FROM count WHERE year='2023' AND month = '2' AND day ='21'
SELECT * FROM count WHERE year='2023' AND month = '2' AND day ='21'
SELECT * FROM count WHERE year='2023' AND month = '2' AND day ='21'
SELECT * FROM count WHERE year='2023' AND month = '2' AND day ='21'
SELECT * FROM count WHERE year='2023' AND month = '2' AND day ='21'
SELECT * FROM count WHERE year='2023' AND month = '2' AND day ='21'
SELECT * FROM count WHERE year='2023' AND month = '2' AND day ='21'
SELECT * FROM count WHERE year='2023' AND month = '2' AND day ='21'
SELECT * FROM count WHERE year='2023' AND month = '2' AND day ='21'
SELECT * FROM count WHERE year='2023' AND month = '2' AND day ='21'
SELECT * FROM count WHERE year='2023' AND month = '2' AND day ='21'
SELECT * FROM count WHERE year='2023' AND month = '2' AND day ='21'
SELECT * FROM count WHERE year='2023' AND month = '2' AND day ='21'
SELECT * FROM count WHERE year='2023' AND month = '2' AND day ='21'
SELECT * FROM count WHERE year='2023' AND month = '2' AND day ='21'
SELECT * FROM count WHERE year='2023' AND month = '2' AND day ='21'
SELECT * FROM count WHERE year='2023' AND month = '2' AND day ='21'
SELECT * FROM count WHERE year='2023' AND month = '2' AND day ='21'
SELECT * FROM count WHERE year='2023' AND month = '2' AND day ='21'
SELECT * FROM count WHERE year='2023' AND month = '2' AND day ='21'
SELECT * FROM count WHERE year='2023' AND month = '2' AND day ='21'
SELECT * FROM count WHERE year='2023' AND month = '2' AND day ='21'
SELECT * FROM count WHERE year='2023' AND month = '2' AND day ='21'
SELECT * FROM count WHERE year='2023' AND month = '2' AND day ='21'
SELECT * FROM count WHERE year='2023' AND month = '2' AND day ='21'
SELECT * FROM count WHERE year='2023' AND month = '2' AND day ='21'
SELECT * FROM count WHERE year='2023' AND month = '2' AND day ='21'
SELECT * FROM count WHERE year='2023' AND month = '2' AND day ='21'
SELECT * FROM count WHERE year='2023' AND month = '2' AND day ='21'
SELECT * FROM count WHERE year='2023' AND month = '2' AND day ='21'
SELECT * FROM count WHERE year='2023' AND month = '2' AND day ='21'
SELECT * FROM count WHERE year='2023' AND month = '2' AND day ='21'
SELECT * FROM count WHERE year='2023' AND month = '2' AND day ='21'
SELECT * FROM count WHERE year='2023' AND month = '2' AND day ='21'
SELECT * FROM count WHERE year='2023' AND month = '2' AND day ='21'
SELECT * FROM count WHERE year='2023' AND month = '2' AND day ='21'
SELECT * FROM count WHERE year='2023' AND month = '2' AND day ='21'
SELECT * FROM count WHERE year='2023' AND month = '2' AND day ='21'
SELECT * FROM count WHERE year='2023' AND month = '2' AND day ='21'
SELECT * FROM count WHERE year='2023' AND month = '2' AND day ='21'
SELECT * FROM count WHERE year='2023' AND month = '2' AND day ='21'
SELECT * FROM count WHERE year='2023' AND month = '2' AND day ='21'
SELECT * FROM count WHERE year='2023' AND month = '2' AND day ='21'
SELECT * FROM count WHERE year='2023' AND month = '2' AND day ='21'
SELECT * FROM count WHERE year='2023' AND month = '2' AND day ='21'
SELECT * FROM count WHERE year='2023' AND month = '2' AND day ='21'
SELECT * FROM count WHERE year='2023' AND month = '2' AND day ='21'
SELECT * FROM count WHERE year='2023' AND month = '2' AND day ='21'
SELECT * FROM count WHERE year='2023' AND month = '2' AND day ='21'
SELECT * FROM count WHERE year='2023' AND month = '2' AND day ='21'
SELECT * FROM count WHERE year='2023' AND month = '2' AND day ='21'
SELECT * FROM count WHERE year='2023' AND month = '2' AND day ='21'
SELECT * FROM count WHERE year='2023' AND month = '2' AND day ='21'
SELECT * FROM count WHERE year='2023' AND month = '2' AND day ='21'
SELECT * FROM count WHERE year='2023' AND month = '2' AND day ='21'
SELECT * FROM count WHERE year='2023' AND month = '2' AND day ='21'
SELECT * FROM count WHERE year='2023' AND month = '2' AND day ='21'
SELECT * FROM count WHERE year='2023' AND month = '2' AND day ='21'
SELECT * FROM count WHERE year='2023' AND month = '2' AND day ='21'
SELECT * FROM count WHERE year='2023' AND month = '2' AND day ='21'
SELECT * FROM count WHERE year='2023' AND month = '2' AND day ='21'
SELECT * FROM count WHERE year='2023' AND month = '2' AND day ='21'
SELECT * FROM count WHERE year='2023' AND month = '2' AND day ='21'
SELECT * FROM count WHERE year='2023' AND month = '2' AND day ='21'
SELECT * FROM count WHERE year='2023' AND month = '2' AND day ='21'
SELECT * FROM count WHERE year='2023' AND month = '2' AND day ='21'
SELECT * FROM count WHERE year='2023' AND month = '2' AND day ='21'
SELECT * FROM count WHERE year='2023' AND month = '2' AND day ='21'
SELECT * FROM count WHERE year='2023' AND month = '2' AND day ='21'
SELECT * FROM count WHERE year='2023' AND month = '2' AND day ='21'
SELECT * FROM count WHERE year='2023' AND month = '2' AND day ='21'
SELECT * FROM count WHERE year='2023' AND month = '2' AND day ='21'
SELECT * FROM count WHERE year='2023' AND month = '2' AND day ='21'
SELECT * FROM count WHERE year='2023' AND month = '2' AND day ='21'
SELECT * FROM count WHERE year='2023' AND month = '2' AND day ='21'
SELECT * FROM count WHERE year='2023' AND month = '2' AND day ='21'
SELECT * FROM count WHERE year='2023' AND month = '2' AND day ='21'
SELECT * FROM count WHERE year='2023' AND month = '2' AND day ='21'
SELECT * FROM count WHERE year='2023' AND month = '2' AND day ='21'
SELECT * FROM count WHERE year='2023' AND month = '2' AND day ='21'
SELECT * FROM count WHERE year='2023' AND month = '2' AND day ='21'
SELECT * FROM count WHERE year='2023' AND month = '2' AND day ='21'
